::1 - - [05/Jul/2020:08:30:55 +0000] "GET /users HTTP/1.1" 304 - "-" "Mozilla/5.0 (Macintosh; Intel Mac OS X 10_14_6) AppleWebKit/537.36 (KHTML, like Gecko) Chrome/85.0.4181.9 Safari/537.36"
::1 - - [05/Jul/2020:08:31:05 +0000] "GET /users/1 HTTP/1.1" 304 - "-" "Mozilla/5.0 (Macintosh; Intel Mac OS X 10_14_6) AppleWebKit/537.36 (KHTML, like Gecko) Chrome/85.0.4181.9 Safari/537.36"
::1 - - [05/Jul/2020:08:34:53 +0000] "GET /users/1 HTTP/1.1" 304 - "-" "Mozilla/5.0 (Macintosh; Intel Mac OS X 10_14_6) AppleWebKit/537.36 (KHTML, like Gecko) Chrome/85.0.4181.9 Safari/537.36"
::1 - - [05/Jul/2020:08:35:00 +0000] "GET /users/1 HTTP/1.1" 304 - "-" "Mozilla/5.0 (Macintosh; Intel Mac OS X 10_14_6) AppleWebKit/537.36 (KHTML, like Gecko) Chrome/85.0.4181.9 Safari/537.36"
::1 - - [05/Jul/2020:08:35:29 +0000] "PUT /users/3 HTTP/1.1" 200 56 "-" "PostmanRuntime/7.25.0"
::1 - - [05/Jul/2020:08:35:31 +0000] "PUT /users/3 HTTP/1.1" 200 56 "-" "PostmanRuntime/7.25.0"
::1 - - [05/Jul/2020:08:35:31 +0000] "PUT /users/3 HTTP/1.1" 200 56 "-" "PostmanRuntime/7.25.0"
::1 - - [05/Jul/2020:08:45:04 +0000] "PUT /users/3 HTTP/1.1" 404 146 "-" "PostmanRuntime/7.25.0"
::1 - - [05/Jul/2020:08:45:21 +0000] "PUT /users/3 HTTP/1.1" 404 146 "-" "PostmanRuntime/7.25.0"
::1 - - [05/Jul/2020:08:45:45 +0000] "PUT /users/3 HTTP/1.1" 404 146 "-" "PostmanRuntime/7.25.0"
::1 - - [05/Jul/2020:08:45:56 +0000] "PUT /users/3 HTTP/1.1" 404 146 "-" "PostmanRuntime/7.25.0"
::1 - - [05/Jul/2020:08:47:06 +0000] "PUT /users/3 HTTP/1.1" 200 56 "-" "PostmanRuntime/7.25.0"
::1 - - [05/Jul/2020:08:47:10 +0000] "GET /users/3 HTTP/1.1" 200 56 "-" "PostmanRuntime/7.25.0"
::1 - - [05/Jul/2020:08:47:12 +0000] "POST /users HTTP/1.1" 200 61 "-" "PostmanRuntime/7.25.0"
::1 - - [05/Jul/2020:08:47:15 +0000] "GET /users HTTP/1.1" 200 228 "-" "PostmanRuntime/7.25.0"
::1 - - [05/Jul/2020:08:47:17 +0000] "DELETE /users/1 HTTP/1.1" 200 55 "-" "PostmanRuntime/7.25.0"
::1 - - [05/Jul/2020:08:47:19 +0000] "GET /users HTTP/1.1" 200 166 "-" "PostmanRuntime/7.25.0"
::1 - - [05/Jul/2020:08:53:51 +0000] "GET / HTTP/1.1" 304 - "-" "Mozilla/5.0 (Macintosh; Intel Mac OS X 10_14_6) AppleWebKit/537.36 (KHTML, like Gecko) Chrome/85.0.4181.9 Safari/537.36"
::1 - - [05/Jul/2020:08:59:04 +0000] "GET /asdasd HTTP/1.1" 404 18 "-" "Mozilla/5.0 (Macintosh; Intel Mac OS X 10_14_6) AppleWebKit/537.36 (KHTML, like Gecko) Chrome/85.0.4181.9 Safari/537.36"
::1 - - [05/Jul/2020:09:01:52 +0000] "GET /asdasda HTTP/1.1" 404 18 "-" "Mozilla/5.0 (Macintosh; Intel Mac OS X 10_14_6) AppleWebKit/537.36 (KHTML, like Gecko) Chrome/85.0.4181.9 Safari/537.36"
::1 - - [05/Jul/2020:09:01:56 +0000] "GET /usesrs HTTP/1.1" 404 18 "-" "Mozilla/5.0 (Macintosh; Intel Mac OS X 10_14_6) AppleWebKit/537.36 (KHTML, like Gecko) Chrome/85.0.4181.9 Safari/537.36"
::1 - - [05/Jul/2020:09:02:01 +0000] "GET /users HTTP/1.1" 304 - "-" "Mozilla/5.0 (Macintosh; Intel Mac OS X 10_14_6) AppleWebKit/537.36 (KHTML, like Gecko) Chrome/85.0.4181.9 Safari/537.36"
::1 - - [05/Jul/2020:09:02:15 +0000] "GET /usersasdasdasd HTTP/1.1" 404 27 "-" "Mozilla/5.0 (Macintosh; Intel Mac OS X 10_14_6) AppleWebKit/537.36 (KHTML, like Gecko) Chrome/85.0.4181.9 Safari/537.36"
